<?xml version="1.0" encoding="UTF-8"?>
<testsuite xmlns:xsi="http://www.w3.org/2001/XMLSchema-instance" xsi:noNamespaceSchemaLocation="https://maven.apache.org/surefire/maven-surefire-plugin/xsd/surefire-test-report.xsd" name="com.crm.qa.testcases.LoginPageTest" time="110.695" tests="5" errors="0" skipped="2" failures="2">
  <properties>
[...]
</properties>
  <testcase name="loginPageTitletest" classname="com.crm.qa.testcases.LoginPageTest" time="0.508"/>
  <testcase name="crmLogoImageTest" classname="com.crm.qa.testcases.LoginPageTest" time="0.061">
    <failure type="java.lang.NullPointerException">java.lang.NullPointerException
	at com.crm.qa.testcases.LoginPageTest.crmLogoImageTest(LoginPageTest.java:40)
</failure>
    <system-err><![CDATA[Starting ChromeDriver 2.41.578737 (49da6702b16031c40d63e5618de03a32ff6c197e) on port 28273
Only local connections are allowed.
Sep 16, 2018 3:31:31 PM org.openqa.selenium.remote.ProtocolHandshake createSession
INFO: Detected dialect: OSS
]]></system-err>
  </testcase>
  <testcase name="setUp" classname="com.crm.qa.testcases.LoginPageTest" time="33.688">
    <failure message="timeout&#10;  (Session info: chrome=68.0.3440.106)&#10;  (Driver info: chromedriver=2.41.578737 (49da6702b16031c40d63e5618de03a32ff6c197e),platform=Windows NT 10.0.16299 x86_64) (WARNING: The server did not provide any stacktrace information)&#10;Command duration or timeout: 0 milliseconds&#10;Build info: version: &apos;3.6.0&apos;, revision: &apos;6fbf3ec767&apos;, time: &apos;2017-09-27T15:28:36.4Z&apos;&#10;System info: host: &apos;LAPTOP-9OD4SIS4&apos;, ip: &apos;192.168.1.5&apos;, os.name: &apos;Windows 10&apos;, os.arch: &apos;amd64&apos;, os.version: &apos;10.0&apos;, java.version: &apos;1.8.0_66&apos;&#10;Driver info: org.openqa.selenium.chrome.ChromeDriver&#10;Capabilities [{mobileEmulationEnabled=false, hasTouchScreen=false, platform=XP, acceptSslCerts=false, goog:chromeOptions={debuggerAddress=localhost:55970}, acceptInsecureCerts=false, webStorageEnabled=true, browserName=chrome, takesScreenshot=true, javascriptEnabled=true, platformName=XP, setWindowRect=true, unexpectedAlertBehaviour=, applicationCacheEnabled=false, rotatable=false, networkConnectionEnabled=false, chrome={chromedriverVersion=2.41.578737 (49da6702b16031c40d63e5618de03a32ff6c197e), userDataDir=C:\Users\Soumya\AppData\Local\Temp\scoped_dir11364_16511}, takesHeapSnapshot=true, unhandledPromptBehavior=, pageLoadStrategy=normal, databaseEnabled=false, handlesAlerts=true, version=68.0.3440.106, browserConnectionEnabled=false, nativeEvents=true, locationContextEnabled=true, cssSelectorsEnabled=true}]&#10;Session ID: c6488732673c227848b1c3d2d69bd360" type="org.openqa.selenium.TimeoutException">org.openqa.selenium.TimeoutException: 
timeout
  (Session info: chrome=68.0.3440.106)
  (Driver info: chromedriver=2.41.578737 (49da6702b16031c40d63e5618de03a32ff6c197e),platform=Windows NT 10.0.16299 x86_64) (WARNING: The server did not provide any stacktrace information)
Command duration or timeout: 0 milliseconds
Build info: version: '3.6.0', revision: '6fbf3ec767', time: '2017-09-27T15:28:36.4Z'
System info: host: 'LAPTOP-9OD4SIS4', ip: '192.168.1.5', os.name: 'Windows 10', os.arch: 'amd64', os.version: '10.0', java.version: '1.8.0_66'
Driver info: org.openqa.selenium.chrome.ChromeDriver
Capabilities [{mobileEmulationEnabled=false, hasTouchScreen=false, platform=XP, acceptSslCerts=false, goog:chromeOptions={debuggerAddress=localhost:55970}, acceptInsecureCerts=false, webStorageEnabled=true, browserName=chrome, takesScreenshot=true, javascriptEnabled=true, platformName=XP, setWindowRect=true, unexpectedAlertBehaviour=, applicationCacheEnabled=false, rotatable=false, networkConnectionEnabled=false, chrome={chromedriverVersion=2.41.578737 (49da6702b16031c40d63e5618de03a32ff6c197e), userDataDir=C:\Users\Soumya\AppData\Local\Temp\scoped_dir11364_16511}, takesHeapSnapshot=true, unhandledPromptBehavior=, pageLoadStrategy=normal, databaseEnabled=false, handlesAlerts=true, version=68.0.3440.106, browserConnectionEnabled=false, nativeEvents=true, locationContextEnabled=true, cssSelectorsEnabled=true}]
Session ID: c6488732673c227848b1c3d2d69bd360
	at com.crm.qa.testcases.LoginPageTest.setUp(LoginPageTest.java:24)
</failure>
    <system-err><![CDATA[Starting ChromeDriver 2.41.578737 (49da6702b16031c40d63e5618de03a32ff6c197e) on port 10729
Only local connections are allowed.
Sep 16, 2018 3:32:02 PM org.openqa.selenium.remote.ProtocolHandshake createSession
INFO: Detected dialect: OSS
[1537092143.614][SEVERE]: Timed out receiving message from renderer: 19.937
[1537092143.625][SEVERE]: Timed out receiving message from renderer: -0.011
[1537092143.731][SEVERE]: Timed out receiving message from renderer: -0.117
]]></system-err>
  </testcase>
  <testcase name="loginTest" classname="com.crm.qa.testcases.LoginPageTest" time="0">
    <skipped/>
  </testcase>
  <testcase name="tearDown" classname="com.crm.qa.testcases.LoginPageTest" time="0">
    <skipped/>
  </testcase>
</testsuite>